####################################################################################################
Interval
####################################################################################################
Cumulative:         Cycles:                  20000     Instructions:                  1200
FP_OPS_TOT                                                    285                           285

FP_OPS_CORE_0                                                 285                           285

OP_CAT_INVALID_CORE_0                                           0                             0%
OP_CAT_3DNOW_CORE_0                                             0                             0%
OP_CAT_AES_CORE_0                                               0                             0%
OP_CAT_AVX_CORE_0                                               0                             0%
OP_CAT_BINARY_CORE_0                                      1303311                       33.9208%
OP_CAT_BITBYTE_CORE_0                                         468                     0.0121804%
OP_CAT_BROADCAST_CORE_0                                         0                             0%
OP_CAT_CALL_CORE_0                                           1159                     0.0301648%
OP_CAT_CMOV_CORE_0                                            295                    0.00767785%
OP_CAT_COND_BR_CORE_0                                      637922                       16.6029%
OP_CAT_CONVERT_CORE_0                                          43                    0.00111914%
OP_CAT_DATAXFER_CORE_0                                    1824205                       47.4779%
OP_CAT_DECIMAL_CORE_0                                           0                             0%
OP_CAT_FCMOV_CORE_0                                             0                             0%
OP_CAT_FLAGOP_CORE_0                                            0                             0%
OP_CAT_INTERRUPT_CORE_0                                         0                             0%
OP_CAT_IO_CORE_0                                                0                             0%
OP_CAT_IOSTRINGOP_CORE_0                                        0                             0%
OP_CAT_LOGICAL_CORE_0                                       21536                      0.560509%
OP_CAT_MISC_CORE_0                                          41064                       1.06876%
OP_CAT_MMX_CORE_0                                               0                             0%
OP_CAT_NOP_CORE_0                                               0                             0%
OP_CAT_PCLMULQDQ_CORE_0                                         0                             0%
OP_CAT_POP_CORE_0                                            2189                     0.0569722%
OP_CAT_PREFETCH_CORE_0                                          0                             0%
OP_CAT_PUSH_CORE_0                                           2236                     0.0581955%
OP_CAT_RET_CORE_0                                            1154                     0.0300347%
OP_CAT_ROTATE_CORE_0                                           13                   0.000338346%
OP_CAT_SEGOP_CORE_0                                             0                             0%
OP_CAT_SEMAPHORE_CORE_0                                        11                   0.000286293%
OP_CAT_SHIFT_CORE_0                                          3132                     0.0815153%
OP_CAT_SSE_CORE_0                                             216                    0.00562175%
OP_CAT_STRINGOP_CORE_0                                        369                    0.00960382%
OP_CAT_STTNI_CORE_0                                             0                             0%
OP_CAT_SYSCALL_CORE_0                                          37                   0.000962984%
OP_CAT_SYSRET_CORE_0                                            0                             0%
OP_CAT_SYSTEM_CORE_0                                           21                   0.000546559%
OP_CAT_UNCOND_BR_CORE_0                                      2118                     0.0551243%
OP_CAT_VTX_CORE_0                                               0                             0%
OP_CAT_WIDENOP_CORE_0                                           0                             0%
OP_CAT_X87_ALU_CORE_0                                           0                             0%
OP_CAT_XSAVE_CORE_0                                             2                   5.20532e-05%
OP_CAT_XSAVEOPT_CORE_0                                          0                             0%
OP_CAT_TR_MUL_CORE_0                                          307                    0.00799017%
OP_CAT_TR_DIV_CORE_0                                          125                    0.00325332%
OP_CAT_TR_FMUL_CORE_0                                           3                   7.80798e-05%
OP_CAT_TR_FDIV_CORE_0                                           3                   7.80798e-05%
OP_CAT_TR_NOP_CORE_0                                          284                    0.00739155%
OP_CAT_PREFETCH_NTA_CORE_0                                      0                             0%
OP_CAT_PREFETCH_T0_CORE_0                                       0                             0%
OP_CAT_PREFETCH_T1_CORE_0                                       0                             0%
OP_CAT_PREFETCH_T2_CORE_0                                       0                             0%
OP_CAT_TR_MEM_LD_LM_CORE_0                                      0                             0%
OP_CAT_TR_MEM_LD_SM_CORE_0                                      0                             0%
OP_CAT_TR_MEM_LD_GM_CORE_0                                      0                             0%
OP_CAT_TR_MEM_ST_LM_CORE_0                                      0                             0%
OP_CAT_TR_MEM_ST_SM_CORE_0                                      0                             0%
OP_CAT_TR_MEM_ST_GM_CORE_0                                      0                             0%
OP_CAT_TR_DATA_XFER_LM_CORE_0                                   0                             0%
OP_CAT_TR_DATA_XFER_SM_CORE_0                                   0                             0%
OP_CAT_TR_DATA_XFER_GM_CORE_0                                   0                             0%
OP_CAT_TR_MEM_LD_CM_CORE_0                                      0                             0%
OP_CAT_TR_MEM_LD_TM_CORE_0                                      0                             0%
OP_CAT_TR_MEM_LD_PM_CORE_0                                      0                             0%
OP_CAT_GPU_EN_CORE_0                                            0                             0%
OP_CAT_LD_CM_CA_CORE_0                                          0                             0%
OP_CAT_LD_CM_CG_CORE_0                                          0                             0%
OP_CAT_LD_CM_CS_CORE_0                                          0                             0%
OP_CAT_LD_CM_LU_CORE_0                                          0                             0%
OP_CAT_LD_CM_CU_CORE_0                                          0                             0%
OP_CAT_LD_GM_CA_CORE_0                                          0                             0%
OP_CAT_LD_GM_CG_CORE_0                                          0                             0%
OP_CAT_LD_GM_CS_CORE_0                                          0                             0%
OP_CAT_LD_GM_LU_CORE_0                                          0                             0%
OP_CAT_LD_GM_CU_CORE_0                                          0                             0%
OP_CAT_LD_LM_CA_CORE_0                                          0                             0%
OP_CAT_LD_LM_CG_CORE_0                                          0                             0%
OP_CAT_LD_LM_CS_CORE_0                                          0                             0%
OP_CAT_LD_LM_LU_CORE_0                                          0                             0%
OP_CAT_LD_LM_CU_CORE_0                                          0                             0%
OP_CAT_LD_PM_CA_CORE_0                                          0                             0%
OP_CAT_LD_PM_CG_CORE_0                                          0                             0%
OP_CAT_LD_PM_CS_CORE_0                                          0                             0%
OP_CAT_LD_PM_LU_CORE_0                                          0                             0%
OP_CAT_LD_PM_CU_CORE_0                                          0                             0%
OP_CAT_LD_SM_CA_CORE_0                                          0                             0%
OP_CAT_LD_SM_CG_CORE_0                                          0                             0%
OP_CAT_LD_SM_CS_CORE_0                                          0                             0%
OP_CAT_LD_SM_LU_CORE_0                                          0                             0%
OP_CAT_LD_SM_CU_CORE_0                                          0                             0%
OP_CAT_LDU_GM_CORE_0                                            0                             0%
OP_CAT_ST_GM_WB_CORE_0                                          0                             0%
OP_CAT_ST_GM_CG_CORE_0                                          0                             0%
OP_CAT_ST_GM_CS_CORE_0                                          0                             0%
OP_CAT_ST_GM_WT_CORE_0                                          0                             0%
OP_CAT_ST_LM_WB_CORE_0                                          0                             0%
OP_CAT_ST_LM_CG_CORE_0                                          0                             0%
OP_CAT_ST_LM_CS_CORE_0                                          0                             0%
OP_CAT_ST_LM_WT_CORE_0                                          0                             0%
OP_CAT_ST_SM_WB_CORE_0                                          0                             0%
OP_CAT_ST_SM_CG_CORE_0                                          0                             0%
OP_CAT_ST_SM_CS_CORE_0                                          0                             0%
OP_CAT_ST_SM_WT_CORE_0                                          0                             0%
OP_CAT_PREF_GM_L1_CORE_0                                        0                             0%
OP_CAT_PREF_GM_L2_CORE_0                                        0                             0%
OP_CAT_PREF_LM_L1_CORE_0                                        0                             0%
OP_CAT_PREF_LM_L2_CORE_0                                        0                             0%
OP_CAT_PREF_UNIFORM_CORE_0                                      0                             0%
OP_CAT_GPU_ABS_CORE_0                                           0                             0%
OP_CAT_GPU_ABS64_CORE_0                                         0                             0%
OP_CAT_GPU_ADD_CORE_0                                           0                             0%
OP_CAT_GPU_ADD64_CORE_0                                         0                             0%
OP_CAT_GPU_ADDC_CORE_0                                          0                             0%
OP_CAT_GPU_AND_CORE_0                                           0                             0%
OP_CAT_GPU_AND64_CORE_0                                         0                             0%
OP_CAT_GPU_ATOM_CORE_0                                          0                             0%
OP_CAT_GPU_ATOM64_CORE_0                                        0                             0%
OP_CAT_GPU_BAR_CORE_0                                           0                             0%
OP_CAT_GPU_BFE_CORE_0                                           0                             0%
OP_CAT_GPU_BFE64_CORE_0                                         0                             0%
OP_CAT_GPU_BFI_CORE_0                                           0                             0%
OP_CAT_GPU_BFI64_CORE_0                                         0                             0%
OP_CAT_GPU_BFIND_CORE_0                                         0                             0%
OP_CAT_GPU_BFIND64_CORE_0                                       0                             0%
OP_CAT_GPU_BRA_CORE_0                                           0                             0%
OP_CAT_GPU_BREV_CORE_0                                          0                             0%
OP_CAT_GPU_BREV64_CORE_0                                        0                             0%
OP_CAT_GPU_BRKPT_CORE_0                                         0                             0%
OP_CAT_GPU_CALL_CORE_0                                          0                             0%
OP_CAT_GPU_CLZ_CORE_0                                           0                             0%
OP_CAT_GPU_CLZ64_CORE_0                                         0                             0%
OP_CAT_GPU_CNOT_CORE_0                                          0                             0%
OP_CAT_GPU_CNOT64_CORE_0                                        0                             0%
OP_CAT_GPU_COPYSIGN_CORE_0                                      0                             0%
OP_CAT_GPU_COPYSIGN64_CORE_0                                    0                             0%
OP_CAT_GPU_COS_CORE_0                                           0                             0%
OP_CAT_GPU_CVT_CORE_0                                           0                             0%
OP_CAT_GPU_CVT64_CORE_0                                         0                             0%
OP_CAT_GPU_CVTA_CORE_0                                          0                             0%
OP_CAT_GPU_CVTA64_CORE_0                                        0                             0%
OP_CAT_GPU_DIV_CORE_0                                           0                             0%
OP_CAT_GPU_DIV64_CORE_0                                         0                             0%
OP_CAT_GPU_EX2_CORE_0                                           0                             0%
OP_CAT_GPU_EXIT_CORE_0                                          0                             0%
OP_CAT_GPU_FMA_CORE_0                                           0                             0%
OP_CAT_GPU_FMA64_CORE_0                                         0                             0%
OP_CAT_GPU_ISSPACEP_CORE_0                                      0                             0%
OP_CAT_GPU_LD_CORE_0                                            0                             0%
OP_CAT_GPU_LD64_CORE_0                                          0                             0%
OP_CAT_GPU_LDU_CORE_0                                           0                             0%
OP_CAT_GPU_LDU64_CORE_0                                         0                             0%
OP_CAT_GPU_LG2_CORE_0                                           0                             0%
OP_CAT_GPU_MAD24_CORE_0                                         0                             0%
OP_CAT_GPU_MAD_CORE_0                                           0                             0%
OP_CAT_GPU_MAD64_CORE_0                                         0                             0%
OP_CAT_GPU_MAX_CORE_0                                           0                             0%
OP_CAT_GPU_MAX64_CORE_0                                         0                             0%
OP_CAT_GPU_MEMBAR_CORE_0                                        0                             0%
OP_CAT_GPU_MIN_CORE_0                                           0                             0%
OP_CAT_GPU_MIN64_CORE_0                                         0                             0%
OP_CAT_GPU_MOV_CORE_0                                           0                             0%
OP_CAT_GPU_MOV64_CORE_0                                         0                             0%
OP_CAT_GPU_MUL24_CORE_0                                         0                             0%
OP_CAT_GPU_MUL_CORE_0                                           0                             0%
OP_CAT_GPU_MUL64_CORE_0                                         0                             0%
OP_CAT_GPU_NEG_CORE_0                                           0                             0%
OP_CAT_GPU_NEG64_CORE_0                                         0                             0%
OP_CAT_GPU_NOT_CORE_0                                           0                             0%
OP_CAT_GPU_NOT64_CORE_0                                         0                             0%
OP_CAT_GPU_OR_CORE_0                                            0                             0%
OP_CAT_GPU_OR64_CORE_0                                          0                             0%
OP_CAT_GPU_PMEVENT_CORE_0                                       0                             0%
OP_CAT_GPU_POPC_CORE_0                                          0                             0%
OP_CAT_GPU_POPC64_CORE_0                                        0                             0%
OP_CAT_GPU_PREFETCH_CORE_0                                      0                             0%
OP_CAT_GPU_PREFETCHU_CORE_0                                     0                             0%
OP_CAT_GPU_PRMT_CORE_0                                          0                             0%
OP_CAT_GPU_RCP_CORE_0                                           0                             0%
OP_CAT_GPU_RCP64_CORE_0                                         0                             0%
OP_CAT_GPU_RED_CORE_0                                           0                             0%
OP_CAT_GPU_RED64_CORE_0                                         0                             0%
OP_CAT_GPU_REM_CORE_0                                           0                             0%
OP_CAT_GPU_REM64_CORE_0                                         0                             0%
OP_CAT_GPU_RET_CORE_0                                           0                             0%
OP_CAT_GPU_RSQRT_CORE_0                                         0                             0%
OP_CAT_GPU_RSQRT64_CORE_0                                       0                             0%
OP_CAT_GPU_SAD_CORE_0                                           0                             0%
OP_CAT_GPU_SAD64_CORE_0                                         0                             0%
OP_CAT_GPU_SELP_CORE_0                                          0                             0%
OP_CAT_GPU_SELP64_CORE_0                                        0                             0%
OP_CAT_GPU_SET_CORE_0                                           0                             0%
OP_CAT_GPU_SET64_CORE_0                                         0                             0%
OP_CAT_GPU_SETP_CORE_0                                          0                             0%
OP_CAT_GPU_SETP64_CORE_0                                        0                             0%
OP_CAT_GPU_SHL_CORE_0                                           0                             0%
OP_CAT_GPU_SHL64_CORE_0                                         0                             0%
OP_CAT_GPU_SHR_CORE_0                                           0                             0%
OP_CAT_GPU_SHR64_CORE_0                                         0                             0%
OP_CAT_GPU_SIN_CORE_0                                           0                             0%
OP_CAT_GPU_SLCT_CORE_0                                          0                             0%
OP_CAT_GPU_SLCT64_CORE_0                                        0                             0%
OP_CAT_GPU_SQRT_CORE_0                                          0                             0%
OP_CAT_GPU_SQRT64_CORE_0                                        0                             0%
OP_CAT_GPU_ST_CORE_0                                            0                             0%
OP_CAT_GPU_ST64_CORE_0                                          0                             0%
OP_CAT_GPU_SUB_CORE_0                                           0                             0%
OP_CAT_GPU_SUB64_CORE_0                                         0                             0%
OP_CAT_GPU_SUBC_CORE_0                                          0                             0%
OP_CAT_GPU_SULD_CORE_0                                          0                             0%
OP_CAT_GPU_SULD64_CORE_0                                        0                             0%
OP_CAT_GPU_SURED_CORE_0                                         0                             0%
OP_CAT_GPU_SURED64_CORE_0                                       0                             0%
OP_CAT_GPU_SUST_CORE_0                                          0                             0%
OP_CAT_GPU_SUST64_CORE_0                                        0                             0%
OP_CAT_GPU_SUQ_CORE_0                                           0                             0%
OP_CAT_GPU_TESTP_CORE_0                                         0                             0%
OP_CAT_GPU_TESTP64_CORE_0                                       0                             0%
OP_CAT_GPU_TEX_CORE_0                                           0                             0%
OP_CAT_GPU_TLD4_CORE_0                                          0                             0%
OP_CAT_GPU_TXQ_CORE_0                                           0                             0%
OP_CAT_GPU_TRAP_CORE_0                                          0                             0%
OP_CAT_GPU_VABSDIFF_CORE_0                                      0                             0%
OP_CAT_GPU_VADD_CORE_0                                          0                             0%
OP_CAT_GPU_VMAD_CORE_0                                          0                             0%
OP_CAT_GPU_VMAX_CORE_0                                          0                             0%
OP_CAT_GPU_VMIN_CORE_0                                          0                             0%
OP_CAT_GPU_VSET_CORE_0                                          0                             0%
OP_CAT_GPU_VSHL_CORE_0                                          0                             0%
OP_CAT_GPU_VSHR_CORE_0                                          0                             0%
OP_CAT_GPU_VSUB_CORE_0                                          0                             0%
OP_CAT_GPU_VOTE_CORE_0                                          0                             0%
OP_CAT_GPU_XOR_CORE_0                                           0                             0%
OP_CAT_GPU_XOR64_CORE_0                                         0                             0%
OP_CAT_GPU_RECONVERGE_CORE_0                                    0                             0%
OP_CAT_GPU_PHI_CORE_0                                           0                             0%
OP_CAT_TR_LAST_CORE_0                                           0                             0%
                                                          3842223                           100%

FP_OPS_CORE_1                                                   0                             0

OP_CAT_INVALID_CORE_1                                           0                          NaN 
OP_CAT_3DNOW_CORE_1                                             0                          NaN 
OP_CAT_AES_CORE_1                                               0                          NaN 
OP_CAT_AVX_CORE_1                                               0                          NaN 
OP_CAT_BINARY_CORE_1                                            0                          NaN 
OP_CAT_BITBYTE_CORE_1                                           0                          NaN 
OP_CAT_BROADCAST_CORE_1                                         0                          NaN 
OP_CAT_CALL_CORE_1                                              0                          NaN 
OP_CAT_CMOV_CORE_1                                              0                          NaN 
OP_CAT_COND_BR_CORE_1                                           0                          NaN 
OP_CAT_CONVERT_CORE_1                                           0                          NaN 
OP_CAT_DATAXFER_CORE_1                                          0                          NaN 
OP_CAT_DECIMAL_CORE_1                                           0                          NaN 
OP_CAT_FCMOV_CORE_1                                             0                          NaN 
OP_CAT_FLAGOP_CORE_1                                            0                          NaN 
OP_CAT_INTERRUPT_CORE_1                                         0                          NaN 
OP_CAT_IO_CORE_1                                                0                          NaN 
OP_CAT_IOSTRINGOP_CORE_1                                        0                          NaN 
OP_CAT_LOGICAL_CORE_1                                           0                          NaN 
OP_CAT_MISC_CORE_1                                              0                          NaN 
OP_CAT_MMX_CORE_1                                               0                          NaN 
OP_CAT_NOP_CORE_1                                               0                          NaN 
OP_CAT_PCLMULQDQ_CORE_1                                         0                          NaN 
OP_CAT_POP_CORE_1                                               0                          NaN 
OP_CAT_PREFETCH_CORE_1                                          0                          NaN 
OP_CAT_PUSH_CORE_1                                              0                          NaN 
OP_CAT_RET_CORE_1                                               0                          NaN 
OP_CAT_ROTATE_CORE_1                                            0                          NaN 
OP_CAT_SEGOP_CORE_1                                             0                          NaN 
OP_CAT_SEMAPHORE_CORE_1                                         0                          NaN 
OP_CAT_SHIFT_CORE_1                                             0                          NaN 
OP_CAT_SSE_CORE_1                                               0                          NaN 
OP_CAT_STRINGOP_CORE_1                                          0                          NaN 
OP_CAT_STTNI_CORE_1                                             0                          NaN 
OP_CAT_SYSCALL_CORE_1                                           0                          NaN 
OP_CAT_SYSRET_CORE_1                                            0                          NaN 
OP_CAT_SYSTEM_CORE_1                                            0                          NaN 
OP_CAT_UNCOND_BR_CORE_1                                         0                          NaN 
OP_CAT_VTX_CORE_1                                               0                          NaN 
OP_CAT_WIDENOP_CORE_1                                           0                          NaN 
OP_CAT_X87_ALU_CORE_1                                           0                          NaN 
OP_CAT_XSAVE_CORE_1                                             0                          NaN 
OP_CAT_XSAVEOPT_CORE_1                                          0                          NaN 
OP_CAT_TR_MUL_CORE_1                                            0                          NaN 
OP_CAT_TR_DIV_CORE_1                                            0                          NaN 
OP_CAT_TR_FMUL_CORE_1                                           0                          NaN 
OP_CAT_TR_FDIV_CORE_1                                           0                          NaN 
OP_CAT_TR_NOP_CORE_1                                            0                          NaN 
OP_CAT_PREFETCH_NTA_CORE_1                                      0                          NaN 
OP_CAT_PREFETCH_T0_CORE_1                                       0                          NaN 
OP_CAT_PREFETCH_T1_CORE_1                                       0                          NaN 
OP_CAT_PREFETCH_T2_CORE_1                                       0                          NaN 
OP_CAT_TR_MEM_LD_LM_CORE_1                                      0                          NaN 
OP_CAT_TR_MEM_LD_SM_CORE_1                                      0                          NaN 
OP_CAT_TR_MEM_LD_GM_CORE_1                                      0                          NaN 
OP_CAT_TR_MEM_ST_LM_CORE_1                                      0                          NaN 
OP_CAT_TR_MEM_ST_SM_CORE_1                                      0                          NaN 
OP_CAT_TR_MEM_ST_GM_CORE_1                                      0                          NaN 
OP_CAT_TR_DATA_XFER_LM_CORE_1                                   0                          NaN 
OP_CAT_TR_DATA_XFER_SM_CORE_1                                   0                          NaN 
OP_CAT_TR_DATA_XFER_GM_CORE_1                                   0                          NaN 
OP_CAT_TR_MEM_LD_CM_CORE_1                                      0                          NaN 
OP_CAT_TR_MEM_LD_TM_CORE_1                                      0                          NaN 
OP_CAT_TR_MEM_LD_PM_CORE_1                                      0                          NaN 
OP_CAT_GPU_EN_CORE_1                                            0                          NaN 
OP_CAT_LD_CM_CA_CORE_1                                          0                          NaN 
OP_CAT_LD_CM_CG_CORE_1                                          0                          NaN 
OP_CAT_LD_CM_CS_CORE_1                                          0                          NaN 
OP_CAT_LD_CM_LU_CORE_1                                          0                          NaN 
OP_CAT_LD_CM_CU_CORE_1                                          0                          NaN 
OP_CAT_LD_GM_CA_CORE_1                                          0                          NaN 
OP_CAT_LD_GM_CG_CORE_1                                          0                          NaN 
OP_CAT_LD_GM_CS_CORE_1                                          0                          NaN 
OP_CAT_LD_GM_LU_CORE_1                                          0                          NaN 
OP_CAT_LD_GM_CU_CORE_1                                          0                          NaN 
OP_CAT_LD_LM_CA_CORE_1                                          0                          NaN 
OP_CAT_LD_LM_CG_CORE_1                                          0                          NaN 
OP_CAT_LD_LM_CS_CORE_1                                          0                          NaN 
OP_CAT_LD_LM_LU_CORE_1                                          0                          NaN 
OP_CAT_LD_LM_CU_CORE_1                                          0                          NaN 
OP_CAT_LD_PM_CA_CORE_1                                          0                          NaN 
OP_CAT_LD_PM_CG_CORE_1                                          0                          NaN 
OP_CAT_LD_PM_CS_CORE_1                                          0                          NaN 
OP_CAT_LD_PM_LU_CORE_1                                          0                          NaN 
OP_CAT_LD_PM_CU_CORE_1                                          0                          NaN 
OP_CAT_LD_SM_CA_CORE_1                                          0                          NaN 
OP_CAT_LD_SM_CG_CORE_1                                          0                          NaN 
OP_CAT_LD_SM_CS_CORE_1                                          0                          NaN 
OP_CAT_LD_SM_LU_CORE_1                                          0                          NaN 
OP_CAT_LD_SM_CU_CORE_1                                          0                          NaN 
OP_CAT_LDU_GM_CORE_1                                            0                          NaN 
OP_CAT_ST_GM_WB_CORE_1                                          0                          NaN 
OP_CAT_ST_GM_CG_CORE_1                                          0                          NaN 
OP_CAT_ST_GM_CS_CORE_1                                          0                          NaN 
OP_CAT_ST_GM_WT_CORE_1                                          0                          NaN 
OP_CAT_ST_LM_WB_CORE_1                                          0                          NaN 
OP_CAT_ST_LM_CG_CORE_1                                          0                          NaN 
OP_CAT_ST_LM_CS_CORE_1                                          0                          NaN 
OP_CAT_ST_LM_WT_CORE_1                                          0                          NaN 
OP_CAT_ST_SM_WB_CORE_1                                          0                          NaN 
OP_CAT_ST_SM_CG_CORE_1                                          0                          NaN 
OP_CAT_ST_SM_CS_CORE_1                                          0                          NaN 
OP_CAT_ST_SM_WT_CORE_1                                          0                          NaN 
OP_CAT_PREF_GM_L1_CORE_1                                        0                          NaN 
OP_CAT_PREF_GM_L2_CORE_1                                        0                          NaN 
OP_CAT_PREF_LM_L1_CORE_1                                        0                          NaN 
OP_CAT_PREF_LM_L2_CORE_1                                        0                          NaN 
OP_CAT_PREF_UNIFORM_CORE_1                                      0                          NaN 
OP_CAT_GPU_ABS_CORE_1                                           0                          NaN 
OP_CAT_GPU_ABS64_CORE_1                                         0                          NaN 
OP_CAT_GPU_ADD_CORE_1                                           0                          NaN 
OP_CAT_GPU_ADD64_CORE_1                                         0                          NaN 
OP_CAT_GPU_ADDC_CORE_1                                          0                          NaN 
OP_CAT_GPU_AND_CORE_1                                           0                          NaN 
OP_CAT_GPU_AND64_CORE_1                                         0                          NaN 
OP_CAT_GPU_ATOM_CORE_1                                          0                          NaN 
OP_CAT_GPU_ATOM64_CORE_1                                        0                          NaN 
OP_CAT_GPU_BAR_CORE_1                                           0                          NaN 
OP_CAT_GPU_BFE_CORE_1                                           0                          NaN 
OP_CAT_GPU_BFE64_CORE_1                                         0                          NaN 
OP_CAT_GPU_BFI_CORE_1                                           0                          NaN 
OP_CAT_GPU_BFI64_CORE_1                                         0                          NaN 
OP_CAT_GPU_BFIND_CORE_1                                         0                          NaN 
OP_CAT_GPU_BFIND64_CORE_1                                       0                          NaN 
OP_CAT_GPU_BRA_CORE_1                                           0                          NaN 
OP_CAT_GPU_BREV_CORE_1                                          0                          NaN 
OP_CAT_GPU_BREV64_CORE_1                                        0                          NaN 
OP_CAT_GPU_BRKPT_CORE_1                                         0                          NaN 
OP_CAT_GPU_CALL_CORE_1                                          0                          NaN 
OP_CAT_GPU_CLZ_CORE_1                                           0                          NaN 
OP_CAT_GPU_CLZ64_CORE_1                                         0                          NaN 
OP_CAT_GPU_CNOT_CORE_1                                          0                          NaN 
OP_CAT_GPU_CNOT64_CORE_1                                        0                          NaN 
OP_CAT_GPU_COPYSIGN_CORE_1                                      0                          NaN 
OP_CAT_GPU_COPYSIGN64_CORE_1                                    0                          NaN 
OP_CAT_GPU_COS_CORE_1                                           0                          NaN 
OP_CAT_GPU_CVT_CORE_1                                           0                          NaN 
OP_CAT_GPU_CVT64_CORE_1                                         0                          NaN 
OP_CAT_GPU_CVTA_CORE_1                                          0                          NaN 
OP_CAT_GPU_CVTA64_CORE_1                                        0                          NaN 
OP_CAT_GPU_DIV_CORE_1                                           0                          NaN 
OP_CAT_GPU_DIV64_CORE_1                                         0                          NaN 
OP_CAT_GPU_EX2_CORE_1                                           0                          NaN 
OP_CAT_GPU_EXIT_CORE_1                                          0                          NaN 
OP_CAT_GPU_FMA_CORE_1                                           0                          NaN 
OP_CAT_GPU_FMA64_CORE_1                                         0                          NaN 
OP_CAT_GPU_ISSPACEP_CORE_1                                      0                          NaN 
OP_CAT_GPU_LD_CORE_1                                            0                          NaN 
OP_CAT_GPU_LD64_CORE_1                                          0                          NaN 
OP_CAT_GPU_LDU_CORE_1                                           0                          NaN 
OP_CAT_GPU_LDU64_CORE_1                                         0                          NaN 
OP_CAT_GPU_LG2_CORE_1                                           0                          NaN 
OP_CAT_GPU_MAD24_CORE_1                                         0                          NaN 
OP_CAT_GPU_MAD_CORE_1                                           0                          NaN 
OP_CAT_GPU_MAD64_CORE_1                                         0                          NaN 
OP_CAT_GPU_MAX_CORE_1                                           0                          NaN 
OP_CAT_GPU_MAX64_CORE_1                                         0                          NaN 
OP_CAT_GPU_MEMBAR_CORE_1                                        0                          NaN 
OP_CAT_GPU_MIN_CORE_1                                           0                          NaN 
OP_CAT_GPU_MIN64_CORE_1                                         0                          NaN 
OP_CAT_GPU_MOV_CORE_1                                           0                          NaN 
OP_CAT_GPU_MOV64_CORE_1                                         0                          NaN 
OP_CAT_GPU_MUL24_CORE_1                                         0                          NaN 
OP_CAT_GPU_MUL_CORE_1                                           0                          NaN 
OP_CAT_GPU_MUL64_CORE_1                                         0                          NaN 
OP_CAT_GPU_NEG_CORE_1                                           0                          NaN 
OP_CAT_GPU_NEG64_CORE_1                                         0                          NaN 
OP_CAT_GPU_NOT_CORE_1                                           0                          NaN 
OP_CAT_GPU_NOT64_CORE_1                                         0                          NaN 
OP_CAT_GPU_OR_CORE_1                                            0                          NaN 
OP_CAT_GPU_OR64_CORE_1                                          0                          NaN 
OP_CAT_GPU_PMEVENT_CORE_1                                       0                          NaN 
OP_CAT_GPU_POPC_CORE_1                                          0                          NaN 
OP_CAT_GPU_POPC64_CORE_1                                        0                          NaN 
OP_CAT_GPU_PREFETCH_CORE_1                                      0                          NaN 
OP_CAT_GPU_PREFETCHU_CORE_1                                     0                          NaN 
OP_CAT_GPU_PRMT_CORE_1                                          0                          NaN 
OP_CAT_GPU_RCP_CORE_1                                           0                          NaN 
OP_CAT_GPU_RCP64_CORE_1                                         0                          NaN 
OP_CAT_GPU_RED_CORE_1                                           0                          NaN 
OP_CAT_GPU_RED64_CORE_1                                         0                          NaN 
OP_CAT_GPU_REM_CORE_1                                           0                          NaN 
OP_CAT_GPU_REM64_CORE_1                                         0                          NaN 
OP_CAT_GPU_RET_CORE_1                                           0                          NaN 
OP_CAT_GPU_RSQRT_CORE_1                                         0                          NaN 
OP_CAT_GPU_RSQRT64_CORE_1                                       0                          NaN 
OP_CAT_GPU_SAD_CORE_1                                           0                          NaN 
OP_CAT_GPU_SAD64_CORE_1                                         0                          NaN 
OP_CAT_GPU_SELP_CORE_1                                          0                          NaN 
OP_CAT_GPU_SELP64_CORE_1                                        0                          NaN 
OP_CAT_GPU_SET_CORE_1                                           0                          NaN 
OP_CAT_GPU_SET64_CORE_1                                         0                          NaN 
OP_CAT_GPU_SETP_CORE_1                                          0                          NaN 
OP_CAT_GPU_SETP64_CORE_1                                        0                          NaN 
OP_CAT_GPU_SHL_CORE_1                                           0                          NaN 
OP_CAT_GPU_SHL64_CORE_1                                         0                          NaN 
OP_CAT_GPU_SHR_CORE_1                                           0                          NaN 
OP_CAT_GPU_SHR64_CORE_1                                         0                          NaN 
OP_CAT_GPU_SIN_CORE_1                                           0                          NaN 
OP_CAT_GPU_SLCT_CORE_1                                          0                          NaN 
OP_CAT_GPU_SLCT64_CORE_1                                        0                          NaN 
OP_CAT_GPU_SQRT_CORE_1                                          0                          NaN 
OP_CAT_GPU_SQRT64_CORE_1                                        0                          NaN 
OP_CAT_GPU_ST_CORE_1                                            0                          NaN 
OP_CAT_GPU_ST64_CORE_1                                          0                          NaN 
OP_CAT_GPU_SUB_CORE_1                                           0                          NaN 
OP_CAT_GPU_SUB64_CORE_1                                         0                          NaN 
OP_CAT_GPU_SUBC_CORE_1                                          0                          NaN 
OP_CAT_GPU_SULD_CORE_1                                          0                          NaN 
OP_CAT_GPU_SULD64_CORE_1                                        0                          NaN 
OP_CAT_GPU_SURED_CORE_1                                         0                          NaN 
OP_CAT_GPU_SURED64_CORE_1                                       0                          NaN 
OP_CAT_GPU_SUST_CORE_1                                          0                          NaN 
OP_CAT_GPU_SUST64_CORE_1                                        0                          NaN 
OP_CAT_GPU_SUQ_CORE_1                                           0                          NaN 
OP_CAT_GPU_TESTP_CORE_1                                         0                          NaN 
OP_CAT_GPU_TESTP64_CORE_1                                       0                          NaN 
OP_CAT_GPU_TEX_CORE_1                                           0                          NaN 
OP_CAT_GPU_TLD4_CORE_1                                          0                          NaN 
OP_CAT_GPU_TXQ_CORE_1                                           0                          NaN 
OP_CAT_GPU_TRAP_CORE_1                                          0                          NaN 
OP_CAT_GPU_VABSDIFF_CORE_1                                      0                          NaN 
OP_CAT_GPU_VADD_CORE_1                                          0                          NaN 
OP_CAT_GPU_VMAD_CORE_1                                          0                          NaN 
OP_CAT_GPU_VMAX_CORE_1                                          0                          NaN 
OP_CAT_GPU_VMIN_CORE_1                                          0                          NaN 
OP_CAT_GPU_VSET_CORE_1                                          0                          NaN 
OP_CAT_GPU_VSHL_CORE_1                                          0                          NaN 
OP_CAT_GPU_VSHR_CORE_1                                          0                          NaN 
OP_CAT_GPU_VSUB_CORE_1                                          0                          NaN 
OP_CAT_GPU_VOTE_CORE_1                                          0                          NaN 
OP_CAT_GPU_XOR_CORE_1                                           0                          NaN 
OP_CAT_GPU_XOR64_CORE_1                                         0                          NaN 
OP_CAT_GPU_RECONVERGE_CORE_1                                    0                          NaN 
OP_CAT_GPU_PHI_CORE_1                                           0                          NaN 
OP_CAT_TR_LAST_CORE_1                                           0                          NaN 
                                                                0                           100%

