 =======================================================
 ============== Printing Statistics [id:0]==============
   Total Return Transactions : 0 (0 bytes) aggregate average bandwidth 0.000GB/s
      -Rank   0 : 
        -Reads  : 0 (0 bytes)
        -Writes : 0 (0 bytes)
        -Bandwidth / Latency  (Bank 0): 0.000 GB/s		-nan ns
        -Bandwidth / Latency  (Bank 1): 0.000 GB/s		-nan ns
        -Bandwidth / Latency  (Bank 2): 0.000 GB/s		-nan ns
        -Bandwidth / Latency  (Bank 3): 0.000 GB/s		-nan ns
        -Bandwidth / Latency  (Bank 4): 0.000 GB/s		-nan ns
        -Bandwidth / Latency  (Bank 5): 0.000 GB/s		-nan ns
        -Bandwidth / Latency  (Bank 6): 0.000 GB/s		-nan ns
        -Bandwidth / Latency  (Bank 7): 0.000 GB/s		-nan ns
        -Bandwidth / Latency  (Bank 8): 0.000 GB/s		-nan ns
        -Bandwidth / Latency  (Bank 9): 0.000 GB/s		-nan ns
        -Bandwidth / Latency  (Bank 10): 0.000 GB/s		-nan ns
        -Bandwidth / Latency  (Bank 11): 0.000 GB/s		-nan ns
        -Bandwidth / Latency  (Bank 12): 0.000 GB/s		-nan ns
        -Bandwidth / Latency  (Bank 13): 0.000 GB/s		-nan ns
        -Bandwidth / Latency  (Bank 14): 0.000 GB/s		-nan ns
        -Bandwidth / Latency  (Bank 15): 0.000 GB/s		-nan ns
 == Power Data for Rank        0
   Average Power (watts)     : 0.000
     -Background (watts)     : 0.000
     -Act/Pre    (watts)     : 0.000
     -Burst      (watts)     : 0.000
     -Refresh    (watts)     : 0.000
      -Rank   1 : 
        -Reads  : 0 (0 bytes)
        -Writes : 0 (0 bytes)
        -Bandwidth / Latency  (Bank 0): 0.000 GB/s		-nan ns
        -Bandwidth / Latency  (Bank 1): 0.000 GB/s		-nan ns
        -Bandwidth / Latency  (Bank 2): 0.000 GB/s		-nan ns
        -Bandwidth / Latency  (Bank 3): 0.000 GB/s		-nan ns
        -Bandwidth / Latency  (Bank 4): 0.000 GB/s		-nan ns
        -Bandwidth / Latency  (Bank 5): 0.000 GB/s		-nan ns
        -Bandwidth / Latency  (Bank 6): 0.000 GB/s		-nan ns
        -Bandwidth / Latency  (Bank 7): 0.000 GB/s		-nan ns
        -Bandwidth / Latency  (Bank 8): 0.000 GB/s		-nan ns
        -Bandwidth / Latency  (Bank 9): 0.000 GB/s		-nan ns
        -Bandwidth / Latency  (Bank 10): 0.000 GB/s		-nan ns
        -Bandwidth / Latency  (Bank 11): 0.000 GB/s		-nan ns
        -Bandwidth / Latency  (Bank 12): 0.000 GB/s		-nan ns
        -Bandwidth / Latency  (Bank 13): 0.000 GB/s		-nan ns
        -Bandwidth / Latency  (Bank 14): 0.000 GB/s		-nan ns
        -Bandwidth / Latency  (Bank 15): 0.000 GB/s		-nan ns
 == Power Data for Rank        1
   Average Power (watts)     : 0.000
     -Background (watts)     : 0.000
     -Act/Pre    (watts)     : 0.000
     -Burst      (watts)     : 0.000
     -Refresh    (watts)     : 0.000
      -Rank   2 : 
        -Reads  : 0 (0 bytes)
        -Writes : 0 (0 bytes)
        -Bandwidth / Latency  (Bank 0): 0.000 GB/s		-nan ns
        -Bandwidth / Latency  (Bank 1): 0.000 GB/s		-nan ns
        -Bandwidth / Latency  (Bank 2): 0.000 GB/s		-nan ns
        -Bandwidth / Latency  (Bank 3): 0.000 GB/s		-nan ns
        -Bandwidth / Latency  (Bank 4): 0.000 GB/s		-nan ns
        -Bandwidth / Latency  (Bank 5): 0.000 GB/s		-nan ns
        -Bandwidth / Latency  (Bank 6): 0.000 GB/s		-nan ns
        -Bandwidth / Latency  (Bank 7): 0.000 GB/s		-nan ns
        -Bandwidth / Latency  (Bank 8): 0.000 GB/s		-nan ns
        -Bandwidth / Latency  (Bank 9): 0.000 GB/s		-nan ns
        -Bandwidth / Latency  (Bank 10): 0.000 GB/s		-nan ns
        -Bandwidth / Latency  (Bank 11): 0.000 GB/s		-nan ns
        -Bandwidth / Latency  (Bank 12): 0.000 GB/s		-nan ns
        -Bandwidth / Latency  (Bank 13): 0.000 GB/s		-nan ns
        -Bandwidth / Latency  (Bank 14): 0.000 GB/s		-nan ns
        -Bandwidth / Latency  (Bank 15): 0.000 GB/s		-nan ns
 == Power Data for Rank        2
   Average Power (watts)     : 0.000
     -Background (watts)     : 0.000
     -Act/Pre    (watts)     : 0.000
     -Burst      (watts)     : 0.000
     -Refresh    (watts)     : 0.000
      -Rank   3 : 
        -Reads  : 0 (0 bytes)
        -Writes : 0 (0 bytes)
        -Bandwidth / Latency  (Bank 0): 0.000 GB/s		-nan ns
        -Bandwidth / Latency  (Bank 1): 0.000 GB/s		-nan ns
        -Bandwidth / Latency  (Bank 2): 0.000 GB/s		-nan ns
        -Bandwidth / Latency  (Bank 3): 0.000 GB/s		-nan ns
        -Bandwidth / Latency  (Bank 4): 0.000 GB/s		-nan ns
        -Bandwidth / Latency  (Bank 5): 0.000 GB/s		-nan ns
        -Bandwidth / Latency  (Bank 6): 0.000 GB/s		-nan ns
        -Bandwidth / Latency  (Bank 7): 0.000 GB/s		-nan ns
        -Bandwidth / Latency  (Bank 8): 0.000 GB/s		-nan ns
        -Bandwidth / Latency  (Bank 9): 0.000 GB/s		-nan ns
        -Bandwidth / Latency  (Bank 10): 0.000 GB/s		-nan ns
        -Bandwidth / Latency  (Bank 11): 0.000 GB/s		-nan ns
        -Bandwidth / Latency  (Bank 12): 0.000 GB/s		-nan ns
        -Bandwidth / Latency  (Bank 13): 0.000 GB/s		-nan ns
        -Bandwidth / Latency  (Bank 14): 0.000 GB/s		-nan ns
        -Bandwidth / Latency  (Bank 15): 0.000 GB/s		-nan ns
 == Power Data for Rank        3
   Average Power (watts)     : 0.000
     -Background (watts)     : 0.000
     -Act/Pre    (watts)     : 0.000
     -Burst      (watts)     : 0.000
     -Refresh    (watts)     : 0.000

 == Pending Transactions : 0 (0)==
 =======================================================
 ============== Printing Statistics [id:1]==============
   Total Return Transactions : 0 (0 bytes) aggregate average bandwidth 0.000GB/s
      -Rank   0 : 
        -Reads  : 0 (0 bytes)
        -Writes : 0 (0 bytes)
        -Bandwidth / Latency  (Bank 0): 0.000 GB/s		-nan ns
        -Bandwidth / Latency  (Bank 1): 0.000 GB/s		-nan ns
        -Bandwidth / Latency  (Bank 2): 0.000 GB/s		-nan ns
        -Bandwidth / Latency  (Bank 3): 0.000 GB/s		-nan ns
        -Bandwidth / Latency  (Bank 4): 0.000 GB/s		-nan ns
        -Bandwidth / Latency  (Bank 5): 0.000 GB/s		-nan ns
        -Bandwidth / Latency  (Bank 6): 0.000 GB/s		-nan ns
        -Bandwidth / Latency  (Bank 7): 0.000 GB/s		-nan ns
        -Bandwidth / Latency  (Bank 8): 0.000 GB/s		-nan ns
        -Bandwidth / Latency  (Bank 9): 0.000 GB/s		-nan ns
        -Bandwidth / Latency  (Bank 10): 0.000 GB/s		-nan ns
        -Bandwidth / Latency  (Bank 11): 0.000 GB/s		-nan ns
        -Bandwidth / Latency  (Bank 12): 0.000 GB/s		-nan ns
        -Bandwidth / Latency  (Bank 13): 0.000 GB/s		-nan ns
        -Bandwidth / Latency  (Bank 14): 0.000 GB/s		-nan ns
        -Bandwidth / Latency  (Bank 15): 0.000 GB/s		-nan ns
 == Power Data for Rank        0
   Average Power (watts)     : 0.000
     -Background (watts)     : 0.000
     -Act/Pre    (watts)     : 0.000
     -Burst      (watts)     : 0.000
     -Refresh    (watts)     : 0.000
      -Rank   1 : 
        -Reads  : 0 (0 bytes)
        -Writes : 0 (0 bytes)
        -Bandwidth / Latency  (Bank 0): 0.000 GB/s		-nan ns
        -Bandwidth / Latency  (Bank 1): 0.000 GB/s		-nan ns
        -Bandwidth / Latency  (Bank 2): 0.000 GB/s		-nan ns
        -Bandwidth / Latency  (Bank 3): 0.000 GB/s		-nan ns
        -Bandwidth / Latency  (Bank 4): 0.000 GB/s		-nan ns
        -Bandwidth / Latency  (Bank 5): 0.000 GB/s		-nan ns
        -Bandwidth / Latency  (Bank 6): 0.000 GB/s		-nan ns
        -Bandwidth / Latency  (Bank 7): 0.000 GB/s		-nan ns
        -Bandwidth / Latency  (Bank 8): 0.000 GB/s		-nan ns
        -Bandwidth / Latency  (Bank 9): 0.000 GB/s		-nan ns
        -Bandwidth / Latency  (Bank 10): 0.000 GB/s		-nan ns
        -Bandwidth / Latency  (Bank 11): 0.000 GB/s		-nan ns
        -Bandwidth / Latency  (Bank 12): 0.000 GB/s		-nan ns
        -Bandwidth / Latency  (Bank 13): 0.000 GB/s		-nan ns
        -Bandwidth / Latency  (Bank 14): 0.000 GB/s		-nan ns
        -Bandwidth / Latency  (Bank 15): 0.000 GB/s		-nan ns
 == Power Data for Rank        1
   Average Power (watts)     : 0.000
     -Background (watts)     : 0.000
     -Act/Pre    (watts)     : 0.000
     -Burst      (watts)     : 0.000
     -Refresh    (watts)     : 0.000
      -Rank   2 : 
        -Reads  : 0 (0 bytes)
        -Writes : 0 (0 bytes)
        -Bandwidth / Latency  (Bank 0): 0.000 GB/s		-nan ns
        -Bandwidth / Latency  (Bank 1): 0.000 GB/s		-nan ns
        -Bandwidth / Latency  (Bank 2): 0.000 GB/s		-nan ns
        -Bandwidth / Latency  (Bank 3): 0.000 GB/s		-nan ns
        -Bandwidth / Latency  (Bank 4): 0.000 GB/s		-nan ns
        -Bandwidth / Latency  (Bank 5): 0.000 GB/s		-nan ns
        -Bandwidth / Latency  (Bank 6): 0.000 GB/s		-nan ns
        -Bandwidth / Latency  (Bank 7): 0.000 GB/s		-nan ns
        -Bandwidth / Latency  (Bank 8): 0.000 GB/s		-nan ns
        -Bandwidth / Latency  (Bank 9): 0.000 GB/s		-nan ns
        -Bandwidth / Latency  (Bank 10): 0.000 GB/s		-nan ns
        -Bandwidth / Latency  (Bank 11): 0.000 GB/s		-nan ns
        -Bandwidth / Latency  (Bank 12): 0.000 GB/s		-nan ns
        -Bandwidth / Latency  (Bank 13): 0.000 GB/s		-nan ns
        -Bandwidth / Latency  (Bank 14): 0.000 GB/s		-nan ns
        -Bandwidth / Latency  (Bank 15): 0.000 GB/s		-nan ns
 == Power Data for Rank        2
   Average Power (watts)     : 0.000
     -Background (watts)     : 0.000
     -Act/Pre    (watts)     : 0.000
     -Burst      (watts)     : 0.000
     -Refresh    (watts)     : 0.000
      -Rank   3 : 
        -Reads  : 0 (0 bytes)
        -Writes : 0 (0 bytes)
        -Bandwidth / Latency  (Bank 0): 0.000 GB/s		-nan ns
        -Bandwidth / Latency  (Bank 1): 0.000 GB/s		-nan ns
        -Bandwidth / Latency  (Bank 2): 0.000 GB/s		-nan ns
        -Bandwidth / Latency  (Bank 3): 0.000 GB/s		-nan ns
        -Bandwidth / Latency  (Bank 4): 0.000 GB/s		-nan ns
        -Bandwidth / Latency  (Bank 5): 0.000 GB/s		-nan ns
        -Bandwidth / Latency  (Bank 6): 0.000 GB/s		-nan ns
        -Bandwidth / Latency  (Bank 7): 0.000 GB/s		-nan ns
        -Bandwidth / Latency  (Bank 8): 0.000 GB/s		-nan ns
        -Bandwidth / Latency  (Bank 9): 0.000 GB/s		-nan ns
        -Bandwidth / Latency  (Bank 10): 0.000 GB/s		-nan ns
        -Bandwidth / Latency  (Bank 11): 0.000 GB/s		-nan ns
        -Bandwidth / Latency  (Bank 12): 0.000 GB/s		-nan ns
        -Bandwidth / Latency  (Bank 13): 0.000 GB/s		-nan ns
        -Bandwidth / Latency  (Bank 14): 0.000 GB/s		-nan ns
        -Bandwidth / Latency  (Bank 15): 0.000 GB/s		-nan ns
 == Power Data for Rank        3
   Average Power (watts)     : 0.000
     -Background (watts)     : 0.000
     -Act/Pre    (watts)     : 0.000
     -Burst      (watts)     : 0.000
     -Refresh    (watts)     : 0.000

 == Pending Transactions : 0 (0)==
