####################################################################################################
Interval
####################################################################################################
Cumulative:         Cycles:                  20000     Instructions:                  1200
TOTAL_PACKET_CPU                                           141124                        141124

TOTAL_PACKET_GPU                                                0                             0

NOC_AVG_LATENCY_BASE                                       141122                        141122

NOC_AVG_LATENCY_BASE_CPU                                   141122                        141122

NOC_AVG_LATENCY_BASE_GPU                                        0                             0

NOC_AVG_LATENCY                                           1741729                        12.342

NOC_AVG_LATENCY_CPU                                       1741729                        12.342

NOC_AVG_LATENCY_GPU                                             0                           NaN

NOC_AVG_ACTIVE_PACKET_BASE                                 141124                        141124

NOC_AVG_ACTIVE_PACKET_BASE_CPU                             141124                        141124

NOC_AVG_ACTIVE_PACKET_BASE_GPU                                  0                             0

NOC_AVG_ACTIVE_PACKET                                      306186                       2.16962

NOC_AVG_ACTIVE_PACKET_CPU                                  306186                       2.16962

NOC_AVG_ACTIVE_PACKET_GPU                                       0                           NaN

NOC_IDLE_CHANNEL                                                0                             0

NOC_IDLE_CHANNEL_CPU                                            0                             0

NOC_IDLE_CHANNEL_GPU                                            0                             0

NOC_IDLE_CHANNEL_LLC                                            0                             0

NOC_IDLE_CHANNEL_MC                                             0                             0

NOC_AVG_WAIT_IN_ROUTER_BASE                                399235                        399235

NOC_AVG_WAIT_IN_ROUTER_BASE_CPU                             71169                         71169

NOC_AVG_WAIT_IN_ROUTER_BASE_GPU                                 0                             0

NOC_AVG_WAIT_IN_ROUTER_BASE_LLC                            105914                        105914

NOC_AVG_WAIT_IN_ROUTER_BASE_MC                             162816                        162816

NOC_AVG_WAIT_IN_ROUTER                                    3754865                       9.40515

NOC_AVG_WAIT_IN_ROUTER_CPU                                 594696                       8.35611

NOC_AVG_WAIT_IN_ROUTER_GPU                                      0                           NaN

NOC_AVG_WAIT_IN_ROUTER_LLC                                 909271                       8.58499

NOC_AVG_WAIT_IN_ROUTER_MC                                 1609906                       9.88789

NOC_LINK_ACTIVE                                           1355977                       1355977

