####################################################################################################
Interval
####################################################################################################
Cumulative:         Cycles:                  20000     Instructions:                  1200
POWER_LLC_LINEFILL_BUF_R                                    23519                         23519

POWER_LLC_LINEFILL_BUF_W                                    23519                         23519

POWER_LLC_LINEFILL_BUF_R_TAG                                23519                         23519

POWER_LLC_WB_BUF_R                                              0                             0

POWER_LLC_WB_BUF_W                                              0                             0

POWER_LLC_WB_BUF_R_TAG                                          0                             0

POWER_LLC_R                                                     0                             0

POWER_LLC_W                                                 23519                         23519

POWER_LLC_R_TAG                                             23520                         23520

POWER_MC_R                                                  23532                         23532

POWER_MC_W                                                      0                             0

POWER_BLOCK_STATES_R_CORE_0                               1000001                       1000001

POWER_BLOCK_STATES_W_CORE_0                               1000001                       1000001

POWER_FETCH_QUEUE_R_CORE_0                                 517492                        517492

POWER_FETCH_QUEUE_W_CORE_0                                 517492                        517492

POWER_INST_QUEUE_R_CORE_0                                 2511964                       2511964

POWER_INST_QUEUE_W_CORE_0                                  517238                        517238

POWER_BR_PRED_R_CORE_0                                      23531                         23531

POWER_BR_PRED_W_CORE_0                                      23514                         23514

POWER_RAS_R_CORE_0                                              7                             7

POWER_RAS_W_CORE_0                                              4                             4

POWER_ICACHE_R_CORE_0                                      129373                        129373

POWER_ICACHE_W_CORE_0                                          14                            14

POWER_ICACHE_R_TAG_CORE_0                                  129387                        129387

POWER_ICACHE_MISS_BUF_R_CORE_0                                 42                            42

POWER_ICACHE_MISS_BUF_W_CORE_0                                 28                            28

POWER_ICACHE_MISS_BUF_R_TAG_CORE_0                             14                            14

POWER_ICACHE_MISS_BUF_W_TAG_CORE_0                              0                             0

POWER_ICACHE_TOT_ACC_CORE_0                                     0                             0

POWER_ICACHE_CONF_CORE_0                                        0                             0

POWER_INST_DECODER_R_CORE_0                                376359                        376359

POWER_INST_DECODER_W_CORE_0                                     0                             0

POWER_MICRO_OP_SEQ_R_CORE_0                                     0                             0

POWER_MICRO_OP_SEQ_W_CORE_0                                     0                             0

POWER_OPERAND_DECODER_R_CORE_0                             376359                        376359

POWER_OPERAND_DECODER_W_CORE_0                                  0                             0

POWER_UOP_QUEUE_R_CORE_0                                  2511964                       2511964

POWER_UOP_QUEUE_W_CORE_0                                   517238                        517238

POWER_REG_RENAMING_TABLE_R_CORE_0                         2511964                       2511964

POWER_REG_RENAMING_TABLE_W_CORE_0                          517238                        517238

POWER_DEP_CHECK_LOGIC_R_CORE_0                             517492                        517492

POWER_FREELIST_R_CORE_0                                   2511964                       2511964

POWER_FREELIST_W_CORE_0                                    517238                        517238

POWER_RESERVATION_STATION_R_CORE_0                         517181                        517181

POWER_RESERVATION_STATION_W_CORE_0                         517205                        517205

POWER_RESERVATION_STATION_R_TAG_CORE_0                     517181                        517181

POWER_RESERVATION_STATION_W_TAG_CORE_0                          0                             0

POWER_INST_ISSUE_SEL_LOGIC_R_CORE_0                        517181                        517181

POWER_INST_ISSUE_SEL_LOGIC_W_CORE_0                        517181                        517181

POWER_PAYLOAD_RAM_R_CORE_0                                 517181                        517181

POWER_PAYLOAD_RAM_W_CORE_0                                 517181                        517181

POWER_EX_ALU_R_CORE_0                                      305611                        305611

POWER_EX_FPU_R_CORE_0                                           0                             0

POWER_EX_MUL_R_CORE_0                                           4                             4

POWER_EX_SFU_R_CORE_0                                           0                             0

POWER_REORDER_BUF_R_CORE_0                                 517126                        517126

POWER_REORDER_BUF_W_CORE_0                                1034476                       1034476

POWER_INST_COMMIT_SEL_LOGIC_R_CORE_0                       517126                        517126

POWER_INST_COMMIT_SEL_LOGIC_W_CORE_0                       517238                        517238

POWER_FP_RENAME_R_CORE_0                                        0                             0

POWER_FP_RENAME_W_CORE_0                                        0                             0

POWER_LOAD_QUEUE_R_CORE_0                                  164542                        164542

POWER_LOAD_QUEUE_W_CORE_0                                  164542                        164542

POWER_LOAD_QUEUE_R_TAG_CORE_0                              164542                        164542

POWER_LOAD_QUEUE_W_TAG_CORE_0                                   0                             0

POWER_STORE_QUEUE_R_CORE_0                                  47024                         47024

POWER_STORE_QUEUE_W_CORE_0                                  47024                         47024

POWER_STORE_QUEUE_R_TAG_CORE_0                              47024                         47024

POWER_STORE_QUEUE_W_TAG_CORE_0                                  0                             0

POWER_DATA_TLB_R_CORE_0                                    164542                        164542

POWER_DATA_TLB_W_CORE_0                                         0                             0

POWER_DATA_TLB_R_TAG_CORE_0                                     0                             0

POWER_DATA_TLB_W_TAG_CORE_0                                     0                             0

POWER_INT_REGFILE_R_CORE_0                                 822796                        822796

POWER_INT_REGFILE_W_CORE_0                                 517181                        517181

POWER_FP_REGFILE_R_CORE_0                                       0                             0

POWER_FP_REGFILE_W_CORE_0                                       0                             0

POWER_GP_REGISTER_R_CORE_0                                 822796                        822796

POWER_GP_REGISTER_W_CORE_0                                 517181                        517181

POWER_FP_REGISTER_R_CORE_0                                      0                             0

POWER_FP_REGISTER_W_CORE_0                                      0                             0

POWER_SEGMENT_REGISTER_R_CORE_0                            211566                        211566

POWER_SEGMENT_REGISTER_W_CORE_0                            376233                        376233

POWER_CONTROL_REGISTER_R_CORE_0                                 0                             0

POWER_CONTROL_REGISTER_W_CORE_0                             23528                         23528

POWER_FLAG_REGISTER_R_CORE_0                                    0                             0

POWER_FLAG_REGISTER_W_CORE_0                                    0                             0

POWER_EXEC_BYPASS_CORE_0                                   517181                        517181

POWER_LOAD_BYPASS_CORE_0                                    70566                         70566

POWER_PIPELINE_CORE_0                                      376093                        376093

POWER_DCACHE_MISS_BUF_R_CORE_0                              70524                         70524

POWER_DCACHE_MISS_BUF_R_TAG_CORE_0                          23518                         23518

POWER_DCACHE_MISS_BUF_W_CORE_0                              23518                         23518

POWER_DCACHE_MISS_BUF_W_TAG_CORE_0                              0                             0

POWER_DCACHE_LINEFILL_BUF_R_CORE_0                              0                             0

POWER_L2CACHE_LINEFILL_BUF_R_CORE_0                         23521                         23521

POWER_DCACHE_LINEFILL_BUF_W_CORE_0                          23520                         23520

POWER_L2CACHE_LINEFILL_BUF_W_CORE_0                         23520                         23520

POWER_DCACHE_LINEFILL_BUF_R_TAG_CORE_0                      23520                         23520

POWER_L2CACHE_LINEFILL_BUF_R_TAG_CORE_0                     23522                         23522

POWER_DCACHE_LINEFILL_BUF_W_TAG_CORE_0                      23520                         23520

POWER_DCACHE_WB_BUF_R_CORE_0                                    1                             1

POWER_L2CACHE_WB_BUF_R_CORE_0                                   1                             1

POWER_DCACHE_WB_BUF_W_CORE_0                                    1                             1

POWER_L2CACHE_WB_BUF_W_CORE_0                                   1                             1

POWER_DCACHE_WB_BUF_R_TAG_CORE_0                                2                             2

POWER_L2CACHE_WB_BUF_R_TAG_CORE_0                               1                             1

POWER_DCACHE_WB_BUF_W_TAG_CORE_0                                0                             0

POWER_DCACHE_R_CORE_0                                      188048                        188048

POWER_L2CACHE_R_CORE_0                                          0                             0

POWER_DCACHE_W_CORE_0                                       23505                         23505

POWER_L2CACHE_W_CORE_0                                      23519                         23519

POWER_DCACHE_R_TAG_CORE_0                                  211566                        211566

POWER_L2CACHE_R_TAG_CORE_0                                  23523                         23523

POWER_CONST_CACHE_R_CORE_0                                      0                             0

POWER_CONST_CACHE_W_CORE_0                                      0                             0

POWER_CONST_CACHE_R_TAG_CORE_0                                  0                             0

POWER_CONST_CACHE_W_TAG_CORE_0                                  0                             0

POWER_TEXTURE_CACHE_R_CORE_0                                    0                             0

POWER_TEXTURE_CACHE_W_CORE_0                                    0                             0

POWER_TEXTURE_CACHE_R_TAG_CORE_0                                0                             0

POWER_TEXTURE_CACHE_W_TAG_CORE_0                                0                             0

POWER_SHARED_MEM_R_CORE_0                                       0                             0

POWER_SHARED_MEM_W_CORE_0                                       0                             0

POWER_SHARED_MEM_R_TAG_CORE_0                                   0                             0

POWER_SHARED_MEM_W_TAG_CORE_0                                   0                             0

